<?xml version="1.0" encoding="UTF-8"?>
<testng-results ignored="0" total="1" passed="1" failed="0" skipped="0">
  <reporter-output>
  </reporter-output>
  <suite started-at="2022-01-30T17:07:22 IST" name="Default suite" finished-at="2022-01-30T17:07:40 IST" duration-ms="17432">
    <groups>
    </groups>
    <test started-at="2022-01-30T17:07:22 IST" name="Default test" finished-at="2022-01-30T17:07:40 IST" duration-ms="17432">
      <class name="crmProject.Basic">
        <test-method signature="basic()[pri:0, instance:crmProject.Basic@20f5239f]" started-at="2022-01-30T17:07:23 IST" name="basic" finished-at="2022-01-30T17:07:40 IST" duration-ms="17327" status="PASS">
          <reporter-output>
          </reporter-output>
        </test-method> <!-- basic -->
      </class> <!-- crmProject.Basic -->
    </test> <!-- Default test -->
  </suite> <!-- Default suite -->
</testng-results>
